2018-10-28T17:54:43.984Z - info: [ArdublocklyElec] Starting Ardublockly version: 0.1.3-a
2018-10-28T17:54:43.987Z - info: [ArdublocklyElec] Ardublockly root dir: /home/francois/GIT/ArdubloQliic
2018-10-28T17:54:43.987Z - info: [ArdublocklyElec] OS detected: linux
2018-10-28T17:54:44.056Z - info: [ServerMgr] Command: /home/francois/GIT/ArdubloQliic/arduexec/server/start --findprojectroot --nobrowser
2018-10-28T17:54:44.261Z - warn: [ArdublocklyElec] Page failed to load (-102). The server is probably not yet running. Trying again in 200 ms.
2018-10-28T17:54:44.463Z - info: [ArdublocklySrv] Running Python 3.4.3 (64 bit) on Linux-3.13.0-142-generic-x86_64-with-Ubuntu-14.04-trusty
Not using local-packages, likely running packaged.

======= Parsing Command line arguments =======
Parsed "--findprojectroot" flag. The ardublockly project root will be set as the server root directory.
Parsed "--nobrowser" flag. No browser will be opened.

======= Resolving server and project paths =======
Ardublockly root directory:
	/home/francois/GIT/ArdubloQliic
Current working directory set to:
	/home/francois/GIT/ArdubloQliic
Selected server root:
	/home/francois/GIT/ArdubloQliic
Selected server ip:
	localhost
Selected server port:
	8000

======= Loading Settings =======
Settings loaded from:
	/home/francois/GIT/ArdubloQliic/ServerCompilerSettings.ini
Settings file Serial Port is not currently available:
	None
Default Serial Port set:
	None
Settings file sketch directory is not valid:
	/home/francois/GIT/ArduBloQliic/ardublockly
Default Sketch directory set:
	/home/francois/GIT/ArdubloQliic
Final settings loaded:
	Compiler directory: /home/francois/Program/arduino-1.6.8/arduino
	Arduino Board Key: Uno
	Arduino Board Value: arduino:avr:uno
	Serial Port Value: None
	Sketch Name: ArdublocklySketch
	Sketch Directory: /home/francois/GIT/ArdubloQliic
	Load IDE option: verify
Settings file saved to:
	/home/francois/GIT/ArdubloQliic/ServerCompilerSettings.ini

======= Starting Server =======
Setting HTTP Server Document Root to:
	/home/francois/GIT/ArdubloQliic
Launch Server:

2018-10-28T17:54:46.055Z - info: [Renderer "http://localhost:8000/ardublockly/ardublockly_lang.js:Ardublockly.getLocalStr():L181"] Localised text string ID "catI2C" does not exists!
2018-10-28T17:54:46.058Z - info: [Renderer "http://localhost:8000/ardublockly/ardublockly_lang.js:Ardublockly.getLocalStr():L181"] Localised text string ID "catQliic" does not exists!
2018-10-28T18:00:05.998Z - info: [ArdublocklySrv] Serving on http://sandbox:8000
There are no available Serial Ports !!!
Settings file saved to:
	/home/francois/GIT/ArdubloQliic/ServerCompilerSettings.ini

2018-10-28T18:01:00.638Z - info: [ArdublocklySrv] 
Verifying the sketch...
CLI command: /home/francois/Program/arduino-1.6.8/arduino /home/francois/GIT/ArdubloQliic/ArdublocklySketch/ArdublocklySketch.ino --board arduino:avr:uno --verify
Arduino output:
Build options changed, rebuilding all

Sketch uses 928 bytes (2%) of program storage space. Maximum is 32,256 bytes.
Global variables use 9 bytes (0%) of dynamic memory, leaving 2,039 bytes for local variables. Maximum is 2,048 bytes.

Arduino Error output:
Picked up JAVA_TOOL_OPTIONS: 
Loading configuration...
Initializing packages...
Preparing boards...
Verifying...

Arduino Exit code: 0
IDE options set to:
	Compile and Upload sketch
Settings file saved to:
	/home/francois/GIT/ArdubloQliic/ServerCompilerSettings.ini

2018-10-28T18:01:00.654Z - info: [ArdublocklySrv] There are no available Serial Ports !!!
Settings file saved to:
	/home/francois/GIT/ArdubloQliic/ServerCompilerSettings.ini

2018-10-28T18:01:13.201Z - info: [ArdublocklySrv] There are no available Serial Ports !!!
Settings file saved to:
	/home/francois/GIT/ArdubloQliic/ServerCompilerSettings.ini

2018-10-28T18:01:17.119Z - info: [ArdublocklySrv] IDE options set to:
	Verify sketch
Settings file saved to:
	/home/francois/GIT/ArdubloQliic/ServerCompilerSettings.ini

2018-10-28T18:01:17.138Z - info: [ArdublocklySrv] There are no available Serial Ports !!!
Settings file saved to:
	/home/francois/GIT/ArdubloQliic/ServerCompilerSettings.ini

2018-10-28T18:13:01.597Z - info: [ArdublocklySrv] 
Verifying the sketch...
CLI command: /home/francois/Program/arduino-1.6.8/arduino /home/francois/GIT/ArdubloQliic/ArdublocklySketch/ArdublocklySketch.ino --board arduino:avr:uno --verify
Arduino output:

Sketch uses 928 bytes (2%) of program storage space. Maximum is 32,256 bytes.
Global variables use 9 bytes (0%) of dynamic memory, leaving 2,039 bytes for local variables. Maximum is 2,048 bytes.

Arduino Error output:
Picked up JAVA_TOOL_OPTIONS: 
Loading configuration...
Initializing packages...
Preparing boards...
Verifying...

Arduino Exit code: 0
There are no available Serial Ports !!!
Settings file saved to:
	/home/francois/GIT/ArdubloQliic/ServerCompilerSettings.ini

2018-10-28T18:18:13.990Z - info: [ArdublocklySrv] 
Verifying the sketch...
CLI command: /home/francois/Program/arduino-1.6.8/arduino /home/francois/GIT/ArdubloQliic/ArdublocklySketch/ArdublocklySketch.ino --board arduino:avr:uno --verify
Arduino output:

Sketch uses 444 bytes (1%) of program storage space. Maximum is 32,256 bytes.
Global variables use 9 bytes (0%) of dynamic memory, leaving 2,039 bytes for local variables. Maximum is 2,048 bytes.

Arduino Error output:
Picked up JAVA_TOOL_OPTIONS: 
Loading configuration...
Initializing packages...
Preparing boards...
Verifying...

Arduino Exit code: 0
There are no available Serial Ports !!!
Settings file saved to:
	/home/francois/GIT/ArdubloQliic/ServerCompilerSettings.ini

2018-10-28T18:20:04.579Z - info: [ArdublocklySrv] 
Verifying the sketch...
CLI command: /home/francois/Program/arduino-1.6.8/arduino /home/francois/GIT/ArdubloQliic/ArdublocklySketch/ArdublocklySketch.ino --board arduino:avr:uno --verify
Arduino output:

Sketch uses 444 bytes (1%) of program storage space. Maximum is 32,256 bytes.
Global variables use 9 bytes (0%) of dynamic memory, leaving 2,039 bytes for local variables. Maximum is 2,048 bytes.

Arduino Error output:
Picked up JAVA_TOOL_OPTIONS: 
Loading configuration...
Initializing packages...
Preparing boards...
Verifying...

Arduino Exit code: 0
There are no available Serial Ports !!!
Settings file saved to:
	/home/francois/GIT/ArdubloQliic/ServerCompilerSettings.ini

2018-10-28T18:20:34.039Z - info: [ArdublocklySrv] 
Verifying the sketch...
CLI command: /home/francois/Program/arduino-1.6.8/arduino /home/francois/GIT/ArdubloQliic/ArdublocklySketch/ArdublocklySketch.ino --board arduino:avr:uno --verify
Arduino output:

Sketch uses 444 bytes (1%) of program storage space. Maximum is 32,256 bytes.
Global variables use 9 bytes (0%) of dynamic memory, leaving 2,039 bytes for local variables. Maximum is 2,048 bytes.

Arduino Error output:
Picked up JAVA_TOOL_OPTIONS: 
Loading configuration...
Initializing packages...
Preparing boards...
Verifying...

Arduino Exit code: 0
There are no available Serial Ports !!!
Settings file saved to:
	/home/francois/GIT/ArdubloQliic/ServerCompilerSettings.ini

